0,3811.996418,3.310159,1248.049194
1,6873.226698,11.083857,665.714578
2,8913.438507,15.588537,597.839297
3,11522.331942,21.719877,553.270345
4,14975.863492,30.098352,514.727846
5,18156.219372,37.529431,497.812683
6,20666.347968,42.968935,494.744534
7,22748.368968,47.158519,494.485976
8,30504.808183,66.060794,482.911414
9,28287.439119,58.750907,496.336888
10,29975.775872,61.807010,496.853494
11,32468.720801,66.946749,493.769746
12,38377.815943,80.418360,483.278077
13,41162.684880,86.717206,481.779078
14,45072.530037,95.563079,478.862925
15,46397.482153,97.519149,483.019070
16,48178.544074,101.563716,480.216329
17,52572.778832,113.098445,471.539468
18,61204.554700,137.111710,459.921813
19,66338.018212,149.197020,464.248463
20,73560.953405,166.987455,460.989665
21,72110.145363,156.844612,486.646319
22,70846.082019,153.753943,486.602564
23,71492.692308,152.507692,499.021939
24,74999.541176,161.019608,497.012246
25,77997.820000,166.868000,500.786235
26,81221.719298,174.969298,503.114064
27,85020.514423,181.153846,515.645129
28,84816.678392,181.613065,506.825660
29,88851.775281,188.337079,523.440261
30,92916.343949,197.420382,527.947870
31,94721.311258,203.317881,525.656741
32,97778.170068,208.979592,533.452599
33,102433.720339,220.822034,542.905569
34,105991.829060,227.299145,549.752605
35,109266.224138,233.706897,551.290889
36,111142.913043,240.373913,549.885246
37,113733.298246,247.280702,546.617602
38,117490.707965,253.371681,557.010837
39,113416.603604,243.522523,555.888305
40,117226.209091,248.200000,565.780954
41,92666.333333,183.857143,561.804716
42,87469.524272,168.660194,568.327545
43,81024.831683,150.940594,573.411982
44,82446.510000,152.950000,578.184743
45,83837.808081,154.919192,579.119039
46,84268.806122,156.846939,575.331454
47,85802.154639,158.731959,582.383585
48,87485.791667,160.572917,589.187097
49,89161.147368,162.368421,598.286776
50,90770.010638,164.117021,606.149050
51,91887.053763,165.817204,606.016366
52,91489.880435,167.467391,596.136648
53,94358.538462,169.065934,612.951246
54,95282.411111,170.800000,613.068845
55,97116.471264,173.034483,616.061694
56,98561.390805,175.241379,622.347738
57,99699.724138,177.448276,626.654885
58,101382.770115,179.655172,626.260921
59,103290.137931,183.034483,623.384630
60,104776.459770,186.965517,621.630022
61,107267.012346,194.098765,613.452449
62,109397.259259,198.901235,607.537873
63,112672.864198,201.197531,621.120056
64,115206.197531,203.493827,626.602478
65,171871.809524,394.952381,435.179987
66,174416.095238,400.952381,435.013808
67,177571.380952,406.952381,436.356949
68,180185.380952,412.952381,436.345100
69,183244.238095,418.952381,437.400207
70,188457.952381,424.952381,443.457326
71,190474.047619,430.952381,442.003860
72,194456.904762,436.952381,444.983160
73,203112.238095,442.952381,458.591258
74,209748.190476,448.952381,467.259573
75,214011.238095,454.952381,470.466378
76,217777.571429,460.952381,472.513372
77,222560.095238,466.952381,476.698162
78,221983.190476,472.952381,469.416512
79,226059.095238,478.952381,472.049588
80,234599.809524,484.952381,483.837582
81,225816.857143,490.952381,460.001851
82,229204.095238,496.952381,461.265407
83,227124.714286,502.952381,451.608812
84,230197.000000,508.952381,452.320059
85,238822.285714,514.952381,463.839521
86,239124.714286,520.952381,459.063126
87,244156.285714,526.952381,463.378481
88,254504.000000,532.952381,477.613359
89,253573.333333,538.952381,470.579955
90,255788.619048,544.952381,469.461074
91,257932.523810,550.952381,468.223817
92,258881.809524,556.952381,464.860742
93,261477.904762,562.952381,464.514878
94,260783.619048,568.952381,458.385178
95,264745.523810,574.952381,460.442167
96,265106.904762,580.952381,456.334194
97,267111.285714,586.952381,455.083985
98,274641.523810,592.952381,463.196585
99,276100.047619,598.952381,460.965579
100,275835.857143,604.952381,455.973438
101,276064.142857,610.952381,451.861206
102,278853.238095,616.952381,451.989881
103,286751.952381,622.952381,460.231443
104,290573.666667,628.952381,461.921293
105,299460.142857,634.952381,471.560998
106,297714.619048,640.952381,464.406266
107,299863.476190,646.952381,463.422182
108,294164.904762,652.952381,450.522109
109,297389.952381,658.952381,451.310850
110,301164.095238,664.952381,452.917141
111,304743.428571,670.952381,454.209415
112,318310.809524,676.952381,470.264113
113,322942.619048,682.952381,472.922756
114,321768.571429,688.952381,467.053808
115,327690.714286,694.952381,471.509034
116,330904.285714,700.952381,472.054753
117,334424.333333,706.952381,472.992982
118,335908.047619,712.952381,471.103282
119,336334.142857,718.952381,467.774578
120,336302.285714,724.952381,463.906924
121,343725.190476,730.952381,470.267918
122,346625.142857,736.952381,470.377110
123,347994.095238,742.952381,468.411187
124,365510.380952,748.952381,488.089530
125,372302.000000,754.952381,493.206606
126,363226.095238,760.952381,477.360115
127,359959.142857,766.952381,469.341883
128,368110.904762,772.952381,476.275224
129,369990.285714,778.952381,475.007356
130,377546.333333,784.952381,481.035152
131,386192.523810,790.952381,488.335496
132,380283.476190,797.047619,477.178707
133,380790.500000,802.900000,474.328622
134,390467.400000,808.900000,482.782961
135,392614.750000,814.900000,481.858324
136,402420.300000,820.900000,490.282330
137,399350.650000,826.900000,482.989455
138,409698.500000,832.900000,491.851906
139,428251.250000,839.000000,510.226023
140,432817.894737,844.842105,512.157762
141,435836.842105,850.842105,512.235918
142,469385.526316,856.842105,547.826330
143,471297.105263,862.842105,546.224773
144,472787.000000,868.842105,544.165924
145,466744.736842,874.842105,533.507518
146,444530.157895,880.842105,504.616632
147,443104.631579,886.842105,499.622000
148,443010.842105,892.842105,496.162730
149,447330.315789,898.842105,497.655125
150,448135.368421,904.842105,495.243276
151,454811.894737,910.842105,499.307391
152,454841.526316,916.842105,496.059377
153,453225.894737,922.842105,491.099415
154,456071.684211,928.842105,490.990258
155,459611.684211,934.842105,491.624533
156,467702.421053,940.842105,497.091047
157,463023.526316,946.842105,489.004723
158,465323.000000,952.842105,488.341212
159,465919.578947,958.842105,485.914608
160,468969.315789,964.842105,486.053774
161,470597.157895,970.842105,484.747590
162,551675.526316,976.842105,564.826771
163,488976.789474,982.842105,497.539702
164,497551.157895,988.842105,503.231769
165,489521.526316,994.842105,492.088087
166,484519.368421,1000.842105,484.126236
167,505550.736842,1006.842105,502.193760
168,508948.157895,1012.842105,502.558124
169,500698.210526,1018.842105,491.477270
170,603028.052632,1024.842105,588.716794
171,547060.315789,1030.842105,530.832012
172,543025.736842,1036.842105,523.859530
173,542702.894737,1042.842105,520.531211
174,524673.473684,1048.842105,500.290452
175,532949.263158,1054.842105,505.292873
176,587696.894737,1060.842105,554.165251
177,533517.105263,1066.842105,500.144709
178,536967.210526,1072.842105,500.561543
179,540492.210526,1078.842105,501.042930
180,537754.368421,1084.842105,495.736745
181,545976.684211,1090.842105,500.552666
182,544855.842105,1096.842105,496.787922
183,551025.894737,1102.842105,499.678961
184,549621.736842,1108.842105,495.705313
185,552391.315789,1114.842105,495.505610
186,559029.894737,1120.842105,498.759164
187,556646.157895,1126.842105,493.984920
188,561165.368421,1132.842105,495.368599
189,569530.894737,1138.842105,500.081373
190,590724.947368,1144.842105,515.934981
191,585704.263158,1150.842105,508.922949
192,573896.789474,1156.842105,496.076720
193,575654.052632,1162.842105,495.023767
194,585842.631579,1168.842105,501.196789
195,597045.421053,1174.842105,508.186898
196,617195.947368,1180.842105,522.688151
197,598659.000000,1186.842105,504.400912
198,604000.052632,1192.842105,506.352322
199,592050.842105,1198.842105,493.844372
200,592141.473684,1204.842105,491.464367
201,602068.421053,1210.842105,497.230881
202,611313.526316,1216.842105,502.374619
203,618958.789474,1222.842105,506.167808
204,617723.894737,1228.842105,502.694522
205,623414.684211,1234.842105,504.861014
206,622931.315789,1240.842105,502.031434
207,624658.473684,1246.842105,500.999018
208,624560.315789,1252.842105,498.508969
209,623720.736842,1258.842105,495.470447
210,649021.842105,1264.842105,513.117107
211,641775.315789,1270.842105,504.996172
212,701528.315789,1276.842105,549.428476
213,695933.684211,1282.842105,542.497924
214,652308.684211,1288.842105,506.116190
215,699760.473684,1294.842105,540.447578
216,695181.368421,1300.842105,534.437086
217,734106.894737,1306.842105,561.816713
218,723824.157895,1312.842105,551.424665
219,719874.157895,1318.842105,545.885805
220,689631.052632,1324.842105,520.573978
221,716921.526316,1330.842105,538.732828
222,714078.157895,1336.842105,534.186539
223,723157.368421,1342.842105,538.567224
224,723178.842105,1348.842105,536.190371
225,713042.052632,1354.842105,526.328669
226,718581.631579,1360.842105,528.068607
227,727572.578947,1366.842105,532.329491
228,724258.000000,1372.842105,527.588138
229,710281.157895,1378.842105,515.140942
230,781468.631579,1384.842105,564.284291
231,754288.842105,1390.842105,542.323694
232,747056.842105,1396.842105,534.822135
233,757199.947368,1402.842105,539.743496
234,739832.736842,1408.842105,525.134051
235,739716.578947,1414.842105,522.823569
236,737055.105263,1420.842105,518.743622
237,735929.421053,1426.842105,515.777013
238,732065.000000,1432.842105,510.920152
239,741077.052632,1438.842105,515.055250
240,737155.210526,1444.842105,510.201054
241,740392.842105,1450.842105,510.320207
242,754684.315789,1456.842105,518.024818
243,752905.684211,1462.842105,514.688498
244,820371.736842,1468.842105,558.544624
245,861542.421053,1474.842105,584.167041
246,832640.263158,1480.842105,562.303584
247,805601.157895,1486.842105,541.842309
248,784792.052632,1492.842105,525.717626
249,792093.578947,1498.842105,528.488302
250,807580.684211,1504.842105,536.649323
251,799077.052632,1510.842105,528.898796
252,803396.578947,1516.842105,529.661851
253,788688.473684,1522.842105,517.914282
254,787569.052632,1528.842105,515.151947
255,805740.421053,1534.842105,524.960983
256,807889.842105,1540.842105,524.305359
257,817863.947368,1546.842105,528.723415
258,811477.263158,1552.842105,522.575160
259,817748.105263,1558.842105,524.591056
260,818920.684211,1564.842105,523.315736
261,825701.157895,1570.842105,525.641745
262,817257.947368,1576.842105,518.284143
263,822431.421053,1582.842105,519.589188
264,828076.421053,1588.842105,521.186016
265,832637.105263,1594.842105,522.086146
266,835855.631579,1600.842105,522.144218
267,840239.105263,1606.842105,522.920988
268,848625.736842,1612.842105,526.172851
269,852798.526316,1618.842105,526.801506
270,848999.578947,1624.842105,522.517322
271,906029.421053,1630.842105,555.582414
272,917104.157895,1636.842105,560.314006
273,884272.631579,1642.842105,538.266697
274,882106.894737,1648.842105,534.999087
275,884083.315789,1654.842105,534.257941
276,875460.263158,1660.842105,527.126007
277,897424.105263,1666.842105,538.408619
278,946769.368421,1672.842105,566.003090
279,965392.157895,1678.842105,575.089420
280,1039771.684211,1684.842105,617.185043
281,950290.210526,1690.842105,562.045750
282,936718.526316,1696.842105,552.064951
283,976698.473684,1702.842105,573.594432
284,981604.684211,1708.842105,574.445849
285,946518.000000,1714.842105,551.964072
286,936389.947368,1720.842105,544.151645
287,948373.684211,1726.842105,549.199780
288,939436.842105,1732.842105,542.140122
289,943842.789474,1738.842105,542.803120
290,977442.315789,1744.842105,560.191666
291,997026.684211,1750.842105,569.454732
292,998211.157895,1756.842105,568.178318
293,980815.210526,1762.842105,556.388890
294,970004.157895,1768.842105,548.392910
295,985663.105263,1774.842105,555.366000
296,1053511.526316,1780.842105,591.549262
297,1019172.578947,1786.842105,570.344868
298,977587.684211,1792.842105,545.263715
299,995644.421053,1798.842105,553.485547
300,992023.421053,1804.842105,549.636537
301,981872.210526,1810.842105,542.216502
302,994719.526316,1816.842105,547.480494
303,997186.421053,1822.842105,547.053171
304,996568.842105,1828.842105,544.919319
305,983616.894737,1834.842105,536.077049
306,987988.000000,1840.842105,536.697915
307,1032615.368421,1846.842105,559.133395
308,1069689.684211,1852.842105,577.345948
309,1035800.578947,1858.842105,557.241461
310,1027541.526316,1864.842105,551.012614
311,1035312.684211,1870.842105,553.399125
312,1038182.000000,1876.842105,553.154492
313,1039256.947368,1882.842105,551.969552
314,1034834.421053,1888.842105,547.872856
315,1039587.210526,1894.842105,548.647834
316,1030127.000000,1900.842105,541.936429
317,1018410.000000,1906.842105,534.084225
318,1023275.578947,1912.842105,534.954749
319,1036956.157895,1918.842105,540.405478
320,1033312.684211,1924.842105,536.831829
321,1040557.526316,1930.842105,538.918425
322,1036840.368421,1936.842105,535.327353
323,1073358.105263,1942.842105,552.470238
324,1118493.105263,1948.842105,573.940966
325,1089038.947368,1954.842105,557.104056
326,1123229.315789,1960.842105,572.840616
327,1166615.842105,1966.842105,593.161392
328,1127604.736842,1972.842105,571.574558
329,1127931.421053,1978.842105,570.016705
330,1115141.894737,1984.842105,561.841550
331,1166175.052632,1990.842105,585.793435
332,1125528.368421,1996.842105,563.667274
333,1161650.157895,2002.842105,580.003695
334,1164283.105263,2008.842105,579.581178
335,1148689.631579,2014.842105,570.121025
336,1135792.631579,2020.842105,562.021373
337,1129233.526316,2026.842105,557.123929
338,1119962.263158,2032.842105,550.938582
339,1138199.894737,2038.842105,558.271444
340,1410337.315789,2044.842105,689.794916
341,1200120.157895,2050.842105,585.222065
342,1179982.473684,2056.842105,573.708875
343,1188813.105263,2062.842105,576.312660
344,1202931.210526,2068.842105,581.455019
345,1183616.684211,2074.842105,570.458323
346,1218631.526316,2080.842105,585.613339
347,1193434.157895,2086.842105,571.885355
348,1187907.684211,2092.842105,567.606951
349,1202943.789474,2098.842105,573.149025
350,1166774.105263,2104.842105,554.329461
351,1167329.526316,2110.842105,553.011162
352,1191387.368421,2116.842105,562.791437
353,1170348.894737,2122.842105,551.311710
354,1177202.947368,2128.842105,552.979308
355,1216926.000000,2134.842105,570.041769
356,1205354.105263,2140.842105,563.040907
357,1230253.526316,2146.842105,573.038186
358,1273951.157895,2152.842105,591.667250
359,1249902.526316,2158.842105,578.937222
360,1242499.315789,2164.842105,573.920053
361,1269528.578947,2170.842105,584.783755
362,1262963.578947,2176.842105,580.158110
363,1243800.263158,2182.842105,569.783567
364,1240711.315789,2188.842105,566.821862
365,1268540.473684,2194.842105,577.970779
366,1317838.684211,2200.842105,598.797803
367,1290932.526316,2206.842105,584.972803
368,1270855.631579,2212.842105,574.311419
369,1274610.947368,2218.842105,574.459248
370,1290068.315789,2224.842105,579.850383
371,1260410.684211,2230.842105,564.992588
372,1270700.105263,2236.842105,568.081251
373,1320381.052632,2242.842105,588.711590
374,1279240.421053,2248.842105,568.846549
375,1311665.263158,2254.842105,581.721369
376,1394107.947368,2260.842105,616.676660
377,1317408.421053,2266.842105,581.174714
378,1312581.421053,2272.842105,577.518552
379,1323518.526316,2278.842105,580.790278
380,1336800.736842,2284.842105,585.076343
381,1400590.263158,2290.842105,611.359748
382,1330724.000000,2296.842105,579.367142
383,1377777.526316,2302.842105,598.291800
384,1375556.105263,2308.842105,595.776477
385,1340683.842105,2314.842105,579.171818
386,1367294.052632,2320.842105,589.135623
387,1343976.894737,2326.842105,577.597503
388,1449130.578947,2332.842105,621.208126
389,1374984.210526,2338.842105,587.899267
390,1358657.315789,2344.842105,579.407640
391,1408679.473684,2350.842105,599.154229
392,1383980.052632,2356.842105,587.188550
393,1401863.368421,2362.842105,593.268375
394,1435421.684211,2368.842105,605.935622
395,1445063.736842,2374.842105,608.475118
396,1453492.421053,2380.842105,610.487810
397,1436784.105263,2386.842105,601.953919
398,1450705.421053,2392.842105,606.271258
399,1485788.947368,2398.842105,619.384382
400,1544797.631579,2404.842105,642.389206
401,1508266.947368,2410.842105,625.625484
402,1473363.736842,2416.842105,609.639346
403,1498701.894737,2422.842105,618.590231
404,1559123.105263,2428.842105,641.934073
405,1482411.157895,2434.842105,608.835118
406,1482499.210526,2440.842105,607.375607
407,1473040.000000,2446.842105,602.017449
408,1492595.894737,2452.842105,608.518629
409,1453231.315789,2458.842105,591.014721
410,1436010.210526,2464.842105,582.594178
411,1446152.894737,2470.842105,585.289530
412,1431133.842105,2476.842105,577.807282
413,1444329.157895,2482.842105,581.725688
414,1456987.526316,2488.842105,585.411757
415,1455434.473684,2494.842105,583.379179
416,1453740.052632,2500.842105,581.302911
417,1481839.736842,2506.842105,591.121970
418,1496770.631579,2512.842105,595.657499
419,1509176.000000,2518.842105,599.157736
420,1490185.421053,2524.842105,590.207103
421,1484308.000000,2530.842105,586.487392
422,1505959.210526,2536.842105,593.631381
423,1526121.315789,2542.842105,600.174636
424,1494594.526316,2548.842105,586.384210
425,1626807.315789,2554.842105,636.775330
426,1561183.631579,2560.842105,609.641395
427,1530548.684211,2566.842105,596.282917
428,1541935.526316,2572.842105,599.319754
429,1605388.315789,2578.842105,622.537487
430,1602557.368421,2584.842105,619.994302
431,1577026.368421,2590.842105,608.707469
432,1546402.578947,2596.842105,595.500072
433,1609943.526316,2602.842105,618.539628
434,1559209.736842,2608.842105,597.669813
435,1604495.105263,2614.842105,613.618076
436,1667407.578947,2620.842105,636.231762
437,1638369.842105,2626.842105,623.712344
438,1613708.473684,2632.842105,612.922325
439,1586404.631579,2638.842105,601.180379
440,1595250.684211,2644.842105,603.150991
441,1599454.315789,2650.842105,603.371495
442,1613995.210526,2656.842105,607.480796
443,1590515.526316,2662.842105,597.298253
444,1602789.526316,2668.842105,600.559054
445,1626855.526316,2674.842105,608.204181
446,1598600.105263,2680.842105,596.305119
447,1597403.473684,2686.842105,594.528911
448,1592505.631579,2692.842105,591.384413
449,1602629.947368,2698.842105,593.821666
450,1618693.947368,2704.842105,598.443494
451,1661309.421053,2710.842105,612.825607
452,1822178.736842,2716.842105,670.658602
453,1701084.526316,2722.842105,624.728825
454,1668657.684211,2728.842105,611.481612
455,1668561.631579,2734.842105,610.108549
456,1700501.631579,2740.842105,620.434317
457,1650733.315789,2746.842105,600.957211
458,1702833.526316,2752.842105,618.581057
459,1783624.473684,2758.842105,646.527804
460,1801369.736842,2764.842105,651.544517
461,1728644.947368,2770.842105,623.872735
462,1714213.684211,2776.842105,617.330755
463,1739232.263158,2782.842105,624.997964
464,1803738.000000,2788.842105,646.788624
465,1727491.052632,2794.842105,618.106982
466,1773606.631579,2800.842105,633.235742
467,1743515.789474,2806.842105,621.162779
468,1711783.684211,2812.842105,608.559687
469,1741683.578947,2818.842105,617.876140
470,1731923.473684,2824.842105,613.107145
471,1750182.421053,2830.842105,618.254938
472,1808793.263158,2836.842105,637.603135
473,1894756.157895,2842.842105,666.513836
474,1896130.315789,2848.842105,665.600267
475,1808849.631579,2854.842105,633.621497
476,1897138.842105,2860.842105,663.068789
477,1828919.842105,2866.842105,637.942476
478,1803247.947368,2872.842105,627.671707
479,1785777.421053,2878.842105,620.292653
480,1840472.052632,2884.842105,637.956987
481,1811185.105263,2890.842105,626.510760
482,1793720.105263,2896.842105,619.200817
483,1811748.473684,2902.842105,624.132735
484,1822416.631579,2908.842105,626.511209
485,1985200.526316,2914.842105,681.071083
486,2047966.842105,2920.842105,701.180089
487,1921818.526316,2926.842105,656.627559
488,1885985.263158,2932.842105,643.063146
489,1867515.947368,2938.842105,635.457867
490,1854619.684211,2944.842105,629.789374
491,1841403.947368,2950.842105,624.030691
492,1853777.789474,2956.842105,626.947063
493,1841798.789474,2962.842105,621.634633
494,1822444.736842,2968.842105,613.857059
495,1819046.684211,2974.842105,611.475807
496,1857723.631579,2980.842105,623.221026
497,1858588.315789,2986.842105,622.256081
498,1909295.210526,2992.842105,637.954329
499,1885744.105263,2998.842105,628.832618
500,1939924.315789,3004.842105,645.588088
501,1938471.210526,3010.842105,643.821584
502,1976949.947368,3016.842105,655.294574
503,1974233.842105,3022.842105,653.097995
504,1953684.263158,3028.842105,645.028520
505,1927414.526316,3034.842105,635.084908
506,1902130.842105,3040.842105,625.527734
507,1913484.526316,3046.842105,628.016819
508,2063274.947368,3052.842105,675.851143
509,1985374.105263,3058.842105,649.043199
510,1977378.473684,3064.947368,645.138691
511,1962018.722222,3070.888889,638.890208
512,1971565.111111,3076.888889,640.759434
513,1961127.000000,3082.888889,636.132236
514,1933198.500000,3088.888889,625.850981
515,1961334.833333,3094.888889,633.726156
516,1954642.111111,3100.888889,630.344158
517,1948151.222222,3106.888889,627.041778
518,1955165.444444,3112.888889,628.089450
519,1953884.777778,3118.888889,626.467093
520,1971291.944444,3124.888889,630.828038
521,1961910.666667,3130.888889,626.630095
522,1959695.555556,3136.888889,624.726214
523,1974605.333333,3142.888889,628.275900
524,2131764.666667,3148.888889,676.909734
525,2042279.166667,3154.888889,647.307291
526,2025659.166667,3160.888889,640.830466
527,2015401.111111,3166.888889,636.385645
528,2012009.111111,3172.888889,634.117716
529,2023619.833333,3178.888889,636.584164
530,2042639.555556,3184.888889,641.353346
531,2103729.000000,3190.888889,659.297004
532,2102681.055556,3196.888889,657.734205
533,2058702.055556,3202.888889,642.768426
534,2091771.833333,3208.888889,651.873569
535,2143382.555556,3214.888889,666.717695
536,2139060.277778,3220.888889,664.115301
537,2090817.555556,3226.888889,647.934157
538,2090085.777778,3232.888889,646.508039
539,2076268.611111,3238.888889,641.041323
540,2081422.777778,3244.888889,641.446745
541,2139798.888889,3250.888889,658.223975
542,2185059.777778,3256.888889,670.911128
543,2171378.388889,3262.888889,665.479964
544,2184011.166667,3268.888889,668.131272
545,2124028.444444,3274.888889,648.583137
546,2110544.777778,3280.888889,643.286164
547,2130734.000000,3286.888889,648.252808
548,2176228.555556,3292.888889,660.858354
549,2219655.500000,3298.888889,672.801128
550,2315252.944444,3304.888889,700.538457
551,2444297.111111,3310.888889,738.292568
552,2433554.333333,3316.888889,733.704365
553,2296635.055556,3322.888889,691.168602
554,2259424.166667,3328.888889,678.737295
555,2256461.500000,3334.888889,676.610452
556,2220999.388889,3340.888889,664.797363
557,2244902.277778,3346.888889,670.754269
558,2190977.111111,3352.888889,653.464755
559,2211144.277778,3358.888889,658.305123
560,2227797.277778,3364.888889,662.076513
561,2194318.722222,3370.888889,650.962736
562,2363293.500000,3376.888889,699.875926
563,2308340.277778,3382.888889,682.371764
564,2314939.944444,3388.888889,683.112310
565,2288618.333333,3394.888889,674.149749
566,2396896.166667,3400.888889,704.765931
567,2392971.166667,3406.888889,702.347362
568,2334419.666667,3412.888889,683.976502
569,2350903.833333,3418.888889,687.610339
570,2300686.500000,3424.888889,671.734275
571,2393309.888889,3430.888889,697.578051
572,2401837.833333,3436.888889,698.821723
573,2361650.000000,3442.888889,685.940385
574,2474567.277778,3448.888889,717.533529
575,2326095.166667,3454.888889,673.270903
576,2305164.888889,3460.888889,666.058405
577,2274381.222222,3466.888889,656.030618
578,2308785.222222,3474.666667,664.459646
579,2346642.000000,3478.000000,674.710178
